# JRE version: Java(TM) SE Runtime Environment (8.0_131-b11) (build 1.8.0_131-b11)
# Java VM: Java HotSpot(TM) 64-Bit Server VM (25.131-b11 mixed mode windows-amd64 compressed oops)
Heap:
 PSYoungGen      total 116736K, used 58691K [0x00000000f5580000, 0x0000000100000000, 0x0000000100000000)
  eden space 58880K, 99% used [0x00000000f5580000,0x00000000f8ed0ec8,0x00000000f8f00000)
  from space 57856K, 0% used [0x00000000fc780000,0x00000000fc780000,0x0000000100000000)
  to   space 57856K, 0% used [0x00000000f8f00000,0x00000000f8f00000,0x00000000fc780000)
 ParOldGen       total 349696K, used 349399K [0x00000000e0000000, 0x00000000f5580000, 0x00000000f5580000)
  object space 349696K, 99% used [0x00000000e0000000,0x00000000f5535d28,0x00000000f5580000)
 Metaspace       used 47610K, capacity 49785K, committed 50040K, reserved 1093632K
  class space    used 6288K, capacity 6660K, committed 6776K, reserved 1048576K
GC Heap History (10 events):
Event: 1011.970 GC heap before
{Heap before GC invocations=123 (full 73):
 PSYoungGen      total 116736K, used 58880K [0x00000000f5580000, 0x0000000100000000, 0x0000000100000000)
  eden space 58880K, 100% used [0x00000000f5580000,0x00000000f8f00000,0x00000000f8f00000)
  from space 57856K, 0% used [0x00000000fc780000,0x00000000fc780000,0x0000000100000000)
  to   space 57856K, 0% used [0x00000000f8f00000,0x00000000f8f00000,0x00000000fc780000)
 ParOldGen       total 349696K, used 349399K [0x00000000e0000000, 0x00000000f5580000, 0x00000000f5580000)
  object space 349696K, 99% used [0x00000000e0000000,0x00000000f5535d28,0x00000000f5580000)
 Metaspace       used 47610K, capacity 49785K, committed 50040K, reserved 1093632K
  class space    used 6288K, capacity 6660K, committed 6776K, reserved 1048576K
Event: 1012.795 GC heap after
Heap after GC invocations=123 (full 73):
 PSYoungGen      total 116736K, used 58692K [0x00000000f5580000, 0x0000000100000000, 0x0000000100000000)
  eden space 58880K, 99% used [0x00000000f5580000,0x00000000f8ed1150,0x00000000f8f00000)
  from space 57856K, 0% used [0x00000000fc780000,0x00000000fc780000,0x0000000100000000)
  to   space 57856K, 0% used [0x00000000f8f00000,0x00000000f8f00000,0x00000000fc780000)
 ParOldGen       total 349696K, used 349399K [0x00000000e0000000, 0x00000000f5580000, 0x00000000f5580000)
  object space 349696K, 99% used [0x00000000e0000000,0x00000000f5535d28,0x00000000f5580000)
 Metaspace       used 47610K, capacity 49785K, committed 50040K, reserved 1093632K
  class space    used 6288K, capacity 6660K, committed 6776K, reserved 1048576K
}
Event: 1012.796 GC heap before
{Heap before GC invocations=124 (full 74):
 PSYoungGen      total 116736K, used 58880K [0x00000000f5580000, 0x0000000100000000, 0x0000000100000000)
  eden space 58880K, 100% used [0x00000000f5580000,0x00000000f8f00000,0x00000000f8f00000)
  from space 57856K, 0% used [0x00000000fc780000,0x00000000fc780000,0x0000000100000000)
  to   space 57856K, 0% used [0x00000000f8f00000,0x00000000f8f00000,0x00000000fc780000)
 ParOldGen       total 349696K, used 349399K [0x00000000e0000000, 0x00000000f5580000, 0x00000000f5580000)
  object space 349696K, 99% used [0x00000000e0000000,0x00000000f5535d28,0x00000000f5580000)
 Metaspace       used 47610K, capacity 49785K, committed 50040K, reserved 1093632K
  class space    used 6288K, capacity 6660K, committed 6776K, reserved 1048576K
Event: 1013.584 GC heap after
Heap after GC invocations=124 (full 74):
 PSYoungGen      total 116736K, used 58691K [0x00000000f5580000, 0x0000000100000000, 0x0000000100000000)
  eden space 58880K, 99% used [0x00000000f5580000,0x00000000f8ed0ff8,0x00000000f8f00000)
  from space 57856K, 0% used [0x00000000fc780000,0x00000000fc780000,0x0000000100000000)
  to   space 57856K, 0% used [0x00000000f8f00000,0x00000000f8f00000,0x00000000fc780000)
 ParOldGen       total 349696K, used 349399K [0x00000000e0000000, 0x00000000f5580000, 0x00000000f5580000)
  object space 349696K, 99% used [0x00000000e0000000,0x00000000f5535d28,0x00000000f5580000)
 Metaspace       used 47610K, capacity 49785K, committed 50040K, reserved 1093632K
  class space    used 6288K, capacity 6660K, committed 6776K, reserved 1048576K
}
Event: 1013.585 GC heap before
{Heap before GC invocations=125 (full 75):
 PSYoungGen      total 116736K, used 58880K [0x00000000f5580000, 0x0000000100000000, 0x0000000100000000)
  eden space 58880K, 100% used [0x00000000f5580000,0x00000000f8f00000,0x00000000f8f00000)
  from space 57856K, 0% used [0x00000000fc780000,0x00000000fc780000,0x0000000100000000)
  to   space 57856K, 0% used [0x00000000f8f00000,0x00000000f8f00000,0x00000000fc780000)
 ParOldGen       total 349696K, used 349399K [0x00000000e0000000, 0x00000000f5580000, 0x00000000f5580000)
  object space 349696K, 99% used [0x00000000e0000000,0x00000000f5535d28,0x00000000f5580000)
 Metaspace       used 47610K, capacity 49785K, committed 50040K, reserved 1093632K
  class space    used 6288K, capacity 6660K, committed 6776K, reserved 1048576K
Event: 1014.331 GC heap after
Heap after GC invocations=125 (full 75):
 PSYoungGen      total 116736K, used 58691K [0x00000000f5580000, 0x0000000100000000, 0x0000000100000000)
  eden space 58880K, 99% used [0x00000000f5580000,0x00000000f8ed0ee0,0x00000000f8f00000)
  from space 57856K, 0% used [0x00000000fc780000,0x00000000fc780000,0x0000000100000000)
  to   space 57856K, 0% used [0x00000000f8f00000,0x00000000f8f00000,0x00000000fc780000)
 ParOldGen       total 349696K, used 349399K [0x00000000e0000000, 0x00000000f5580000, 0x00000000f5580000)
  object space 349696K, 99% used [0x00000000e0000000,0x00000000f5535d28,0x00000000f5580000)
 Metaspace       used 47610K, capacity 49785K, committed 50040K, reserved 1093632K
  class space    used 6288K, capacity 6660K, committed 6776K, reserved 1048576K
}
Event: 1014.333 GC heap before
{Heap before GC invocations=126 (full 76):
 PSYoungGen      total 116736K, used 58880K [0x00000000f5580000, 0x0000000100000000, 0x0000000100000000)
  eden space 58880K, 100% used [0x00000000f5580000,0x00000000f8f00000,0x00000000f8f00000)
  from space 57856K, 0% used [0x00000000fc780000,0x00000000fc780000,0x0000000100000000)
  to   space 57856K, 0% used [0x00000000f8f00000,0x00000000f8f00000,0x00000000fc780000)
 ParOldGen       total 349696K, used 349399K [0x00000000e0000000, 0x00000000f5580000, 0x00000000f5580000)
  object space 349696K, 99% used [0x00000000e0000000,0x00000000f5535d28,0x00000000f5580000)
 Metaspace       used 47610K, capacity 49785K, committed 50040K, reserved 1093632K
  class space    used 6288K, capacity 6660K, committed 6776K, reserved 1048576K
Event: 1015.142 GC heap after
Heap after GC invocations=126 (full 76):
 PSYoungGen      total 116736K, used 58692K [0x00000000f5580000, 0x0000000100000000, 0x0000000100000000)
  eden space 58880K, 99% used [0x00000000f5580000,0x00000000f8ed1260,0x00000000f8f00000)
  from space 57856K, 0% used [0x00000000fc780000,0x00000000fc780000,0x0000000100000000)
  to   space 57856K, 0% used [0x00000000f8f00000,0x00000000f8f00000,0x00000000fc780000)
 ParOldGen       total 349696K, used 349399K [0x00000000e0000000, 0x00000000f5580000, 0x00000000f5580000)
  object space 349696K, 99% used [0x00000000e0000000,0x00000000f5535d28,0x00000000f5580000)
 Metaspace       used 47610K, capacity 49785K, committed 50040K, reserved 1093632K
  class space    used 6288K, capacity 6660K, committed 6776K, reserved 1048576K
}
Event: 1015.144 GC heap before
{Heap before GC invocations=127 (full 77):
 PSYoungGen      total 116736K, used 58880K [0x00000000f5580000, 0x0000000100000000, 0x0000000100000000)
  eden space 58880K, 100% used [0x00000000f5580000,0x00000000f8f00000,0x00000000f8f00000)
  from space 57856K, 0% used [0x00000000fc780000,0x00000000fc780000,0x0000000100000000)
  to   space 57856K, 0% used [0x00000000f8f00000,0x00000000f8f00000,0x00000000fc780000)
 ParOldGen       total 349696K, used 349399K [0x00000000e0000000, 0x00000000f5580000, 0x00000000f5580000)
  object space 349696K, 99% used [0x00000000e0000000,0x00000000f5535d28,0x00000000f5580000)
 Metaspace       used 47610K, capacity 49785K, committed 50040K, reserved 1093632K
  class space    used 6288K, capacity 6660K, committed 6776K, reserved 1048576K
Event: 1015.953 GC heap after
Heap after GC invocations=127 (full 77):
 PSYoungGen      total 116736K, used 58691K [0x00000000f5580000, 0x0000000100000000, 0x0000000100000000)
  eden space 58880K, 99% used [0x00000000f5580000,0x00000000f8ed0ea8,0x00000000f8f00000)
  from space 57856K, 0% used [0x00000000fc780000,0x00000000fc780000,0x0000000100000000)
  to   space 57856K, 0% used [0x00000000f8f00000,0x00000000f8f00000,0x00000000fc780000)
 ParOldGen       total 349696K, used 349399K [0x00000000e0000000, 0x00000000f5580000, 0x00000000f5580000)
  object space 349696K, 99% used [0x00000000e0000000,0x00000000f5535d28,0x00000000f5580000)
 Metaspace       used 47610K, capacity 49785K, committed 50040K, reserved 1093632K
  class space    used 6288K, capacity 6660K, committed 6776K, reserved 1048576K
}

